<?xml version="1.0" encoding="UTF-8" standalone="no"?>
<testsuite failures="1" name="cucumber.runtime.formatter.JUnitFormatter" skipped="0" tests="1" time="0">
    <testcase classname="Login in Codillity" name="Login To Codillity" time="0">
        <failure message="The scenario has pending or undefined step(s)">
            <![CDATA[Given user is already on Login Page.........................................undefined
When title of login page is Codillity.......................................undefined
Then user enters "ibnuhazar.pmm@gmail.com" and "myeverything25".............undefined
Then user clicks on login button............................................undefined
Then user is on home page...................................................undefined
Then Close the browser......................................................undefined
]]>
        </failure>
    </testcase>
</testsuite>
